<?xml version="1.0" encoding="UTF-8"?>
<testng-results ignored="0" total="20" passed="20" failed="0" skipped="0">
  <reporter-output>
  </reporter-output>
  <suite started-at="2024-05-12T16:42:52 IST" name="flight-reservation" finished-at="2024-05-12T16:43:01 IST" duration-ms="9001">
    <groups>
    </groups>
    <test started-at="2024-05-12T16:42:52 IST" name="passenger-count-4" finished-at="2024-05-12T16:43:00 IST" duration-ms="7797">
      <class name="tests.flightReservations.FlightReservationTest">
        <test-method is-config="true" signature="setupConfig()[pri:0, instance:tests.flightReservations.FlightReservationTest@403f0a22]" started-at="2024-05-12T16:42:52 IST" name="setupConfig" finished-at="2024-05-12T16:42:52 IST" duration-ms="14" status="PASS">
          <reporter-output>
          </reporter-output>
        </test-method> <!-- setupConfig -->
        <test-method is-config="true" signature="setDriver(org.testng.ITestContext)[pri:0, instance:tests.flightReservations.FlightReservationTest@403f0a22]" started-at="2024-05-12T16:42:52 IST" name="setDriver" finished-at="2024-05-12T16:42:53 IST" duration-ms="1386" status="PASS">
          <params>
            <param index="0">
              <value>
                <![CDATA[org.testng.TestRunner@31d0e481]]>
              </value>
            </param>
          </params>
          <reporter-output>
          </reporter-output>
        </test-method> <!-- setDriver -->
        <test-method is-config="true" signature="setParameters(java.lang.String)[pri:0, instance:tests.flightReservations.FlightReservationTest@403f0a22]" started-at="2024-05-12T16:42:53 IST" name="setParameters" finished-at="2024-05-12T16:42:53 IST" depends-on-methods="tests.flightReservations.AbstractTest.setDriver" duration-ms="214" status="PASS">
          <params>
            <param index="0">
              <value>
                <![CDATA[C:/Users/subho/eclipse-workspace/DockerFramework/src/test/resources/test-data/flight-reservation/passenger-4.json]]>
              </value>
            </param>
          </params>
          <reporter-output>
          </reporter-output>
        </test-method> <!-- setParameters -->
        <test-method signature="userRegistration()[pri:0, instance:tests.flightReservations.FlightReservationTest@403f0a22]" started-at="2024-05-12T16:42:53 IST" name="userRegistration" finished-at="2024-05-12T16:42:55 IST" duration-ms="1347" status="PASS">
          <reporter-output>
          </reporter-output>
        </test-method> <!-- userRegistration -->
        <test-method signature="userRegistrationConfirmation()[pri:0, instance:tests.flightReservations.FlightReservationTest@403f0a22]" started-at="2024-05-12T16:42:55 IST" name="userRegistrationConfirmation" finished-at="2024-05-12T16:42:56 IST" depends-on-methods="tests.flightReservations.FlightReservationTest.userRegistration" duration-ms="1280" status="PASS">
          <reporter-output>
          </reporter-output>
        </test-method> <!-- userRegistrationConfirmation -->
        <test-method signature="flightSearch()[pri:0, instance:tests.flightReservations.FlightReservationTest@403f0a22]" started-at="2024-05-12T16:42:56 IST" name="flightSearch" finished-at="2024-05-12T16:42:57 IST" depends-on-methods="tests.flightReservations.FlightReservationTest.userRegistrationConfirmation" duration-ms="934" status="PASS">
          <reporter-output>
          </reporter-output>
        </test-method> <!-- flightSearch -->
        <test-method signature="flightSelection()[pri:0, instance:tests.flightReservations.FlightReservationTest@403f0a22]" started-at="2024-05-12T16:42:57 IST" name="flightSelection" finished-at="2024-05-12T16:42:59 IST" depends-on-methods="tests.flightReservations.FlightReservationTest.flightSearch" duration-ms="1882" status="PASS">
          <reporter-output>
          </reporter-output>
        </test-method> <!-- flightSelection -->
        <test-method signature="flightConfirmation()[pri:0, instance:tests.flightReservations.FlightReservationTest@403f0a22]" started-at="2024-05-12T16:42:59 IST" name="flightConfirmation" finished-at="2024-05-12T16:42:59 IST" depends-on-methods="tests.flightReservations.FlightReservationTest.flightSelection" duration-ms="634" status="PASS">
          <reporter-output>
          </reporter-output>
        </test-method> <!-- flightConfirmation -->
        <test-method is-config="true" signature="closeBrowsers()[pri:0, instance:tests.flightReservations.FlightReservationTest@403f0a22]" started-at="2024-05-12T16:42:59 IST" name="closeBrowsers" finished-at="2024-05-12T16:43:00 IST" duration-ms="86" status="PASS">
          <reporter-output>
          </reporter-output>
        </test-method> <!-- closeBrowsers -->
      </class> <!-- tests.flightReservations.FlightReservationTest -->
    </test> <!-- passenger-count-4 -->
    <test started-at="2024-05-12T16:42:52 IST" name="passenger-count-1" finished-at="2024-05-12T16:43:00 IST" duration-ms="8308">
      <class name="tests.flightReservations.FlightReservationTest">
        <test-method is-config="true" signature="setDriver(org.testng.ITestContext)[pri:0, instance:tests.flightReservations.FlightReservationTest@40db2a24]" started-at="2024-05-12T16:42:52 IST" name="setDriver" finished-at="2024-05-12T16:42:53 IST" duration-ms="1385" status="PASS">
          <params>
            <param index="0">
              <value>
                <![CDATA[org.testng.TestRunner@3243b914]]>
              </value>
            </param>
          </params>
          <reporter-output>
          </reporter-output>
        </test-method> <!-- setDriver -->
        <test-method is-config="true" signature="setParameters(java.lang.String)[pri:0, instance:tests.flightReservations.FlightReservationTest@40db2a24]" started-at="2024-05-12T16:42:53 IST" name="setParameters" finished-at="2024-05-12T16:42:53 IST" depends-on-methods="tests.flightReservations.AbstractTest.setDriver" duration-ms="214" status="PASS">
          <params>
            <param index="0">
              <value>
                <![CDATA[C:/Users/subho/eclipse-workspace/DockerFramework/src/test/resources/test-data/flight-reservation/passenger-1.json]]>
              </value>
            </param>
          </params>
          <reporter-output>
          </reporter-output>
        </test-method> <!-- setParameters -->
        <test-method signature="userRegistration()[pri:0, instance:tests.flightReservations.FlightReservationTest@40db2a24]" started-at="2024-05-12T16:42:53 IST" name="userRegistration" finished-at="2024-05-12T16:42:55 IST" duration-ms="1337" status="PASS">
          <reporter-output>
          </reporter-output>
        </test-method> <!-- userRegistration -->
        <test-method signature="userRegistrationConfirmation()[pri:0, instance:tests.flightReservations.FlightReservationTest@40db2a24]" started-at="2024-05-12T16:42:55 IST" name="userRegistrationConfirmation" finished-at="2024-05-12T16:42:55 IST" depends-on-methods="tests.flightReservations.FlightReservationTest.userRegistration" duration-ms="191" status="PASS">
          <reporter-output>
          </reporter-output>
        </test-method> <!-- userRegistrationConfirmation -->
        <test-method signature="flightSearch()[pri:0, instance:tests.flightReservations.FlightReservationTest@40db2a24]" started-at="2024-05-12T16:42:55 IST" name="flightSearch" finished-at="2024-05-12T16:42:56 IST" depends-on-methods="tests.flightReservations.FlightReservationTest.userRegistrationConfirmation" duration-ms="1440" status="PASS">
          <reporter-output>
          </reporter-output>
        </test-method> <!-- flightSearch -->
        <test-method signature="flightSelection()[pri:0, instance:tests.flightReservations.FlightReservationTest@40db2a24]" started-at="2024-05-12T16:42:56 IST" name="flightSelection" finished-at="2024-05-12T16:42:58 IST" depends-on-methods="tests.flightReservations.FlightReservationTest.flightSearch" duration-ms="1341" status="PASS">
          <reporter-output>
          </reporter-output>
        </test-method> <!-- flightSelection -->
        <test-method signature="flightConfirmation()[pri:0, instance:tests.flightReservations.FlightReservationTest@40db2a24]" started-at="2024-05-12T16:42:58 IST" name="flightConfirmation" finished-at="2024-05-12T16:43:00 IST" depends-on-methods="tests.flightReservations.FlightReservationTest.flightSelection" duration-ms="2279" status="PASS">
          <reporter-output>
          </reporter-output>
        </test-method> <!-- flightConfirmation -->
        <test-method is-config="true" signature="closeBrowsers()[pri:0, instance:tests.flightReservations.FlightReservationTest@40db2a24]" started-at="2024-05-12T16:43:00 IST" name="closeBrowsers" finished-at="2024-05-12T16:43:00 IST" duration-ms="82" status="PASS">
          <reporter-output>
          </reporter-output>
        </test-method> <!-- closeBrowsers -->
      </class> <!-- tests.flightReservations.FlightReservationTest -->
    </test> <!-- passenger-count-1 -->
    <test started-at="2024-05-12T16:42:52 IST" name="passenger-count-3" finished-at="2024-05-12T16:43:00 IST" duration-ms="8502">
      <class name="tests.flightReservations.FlightReservationTest">
        <test-method is-config="true" signature="setDriver(org.testng.ITestContext)[pri:0, instance:tests.flightReservations.FlightReservationTest@7ac0e420]" started-at="2024-05-12T16:42:52 IST" name="setDriver" finished-at="2024-05-12T16:42:53 IST" duration-ms="1386" status="PASS">
          <params>
            <param index="0">
              <value>
                <![CDATA[org.testng.TestRunner@59252cb6]]>
              </value>
            </param>
          </params>
          <reporter-output>
          </reporter-output>
        </test-method> <!-- setDriver -->
        <test-method is-config="true" signature="setParameters(java.lang.String)[pri:0, instance:tests.flightReservations.FlightReservationTest@7ac0e420]" started-at="2024-05-12T16:42:53 IST" name="setParameters" finished-at="2024-05-12T16:42:53 IST" depends-on-methods="tests.flightReservations.AbstractTest.setDriver" duration-ms="214" status="PASS">
          <params>
            <param index="0">
              <value>
                <![CDATA[C:/Users/subho/eclipse-workspace/DockerFramework/src/test/resources/test-data/flight-reservation/passenger-3.json]]>
              </value>
            </param>
          </params>
          <reporter-output>
          </reporter-output>
        </test-method> <!-- setParameters -->
        <test-method signature="userRegistration()[pri:0, instance:tests.flightReservations.FlightReservationTest@7ac0e420]" started-at="2024-05-12T16:42:53 IST" name="userRegistration" finished-at="2024-05-12T16:42:55 IST" duration-ms="1525" status="PASS">
          <reporter-output>
          </reporter-output>
        </test-method> <!-- userRegistration -->
        <test-method signature="userRegistrationConfirmation()[pri:0, instance:tests.flightReservations.FlightReservationTest@7ac0e420]" started-at="2024-05-12T16:42:55 IST" name="userRegistrationConfirmation" finished-at="2024-05-12T16:42:57 IST" depends-on-methods="tests.flightReservations.FlightReservationTest.userRegistration" duration-ms="1839" status="PASS">
          <reporter-output>
          </reporter-output>
        </test-method> <!-- userRegistrationConfirmation -->
        <test-method signature="flightSearch()[pri:0, instance:tests.flightReservations.FlightReservationTest@7ac0e420]" started-at="2024-05-12T16:42:57 IST" name="flightSearch" finished-at="2024-05-12T16:42:59 IST" depends-on-methods="tests.flightReservations.FlightReservationTest.userRegistrationConfirmation" duration-ms="1973" status="PASS">
          <reporter-output>
          </reporter-output>
        </test-method> <!-- flightSearch -->
        <test-method signature="flightSelection()[pri:0, instance:tests.flightReservations.FlightReservationTest@7ac0e420]" started-at="2024-05-12T16:42:59 IST" name="flightSelection" finished-at="2024-05-12T16:43:00 IST" depends-on-methods="tests.flightReservations.FlightReservationTest.flightSearch" duration-ms="790" status="PASS">
          <reporter-output>
          </reporter-output>
        </test-method> <!-- flightSelection -->
        <test-method signature="flightConfirmation()[pri:0, instance:tests.flightReservations.FlightReservationTest@7ac0e420]" started-at="2024-05-12T16:43:00 IST" name="flightConfirmation" finished-at="2024-05-12T16:43:00 IST" depends-on-methods="tests.flightReservations.FlightReservationTest.flightSelection" duration-ms="658" status="PASS">
          <reporter-output>
          </reporter-output>
        </test-method> <!-- flightConfirmation -->
        <test-method is-config="true" signature="closeBrowsers()[pri:0, instance:tests.flightReservations.FlightReservationTest@7ac0e420]" started-at="2024-05-12T16:43:00 IST" name="closeBrowsers" finished-at="2024-05-12T16:43:00 IST" duration-ms="85" status="PASS">
          <reporter-output>
          </reporter-output>
        </test-method> <!-- closeBrowsers -->
      </class> <!-- tests.flightReservations.FlightReservationTest -->
    </test> <!-- passenger-count-3 -->
    <test started-at="2024-05-12T16:42:52 IST" name="passenger-count-2" finished-at="2024-05-12T16:43:01 IST" duration-ms="9001">
      <class name="tests.flightReservations.FlightReservationTest">
        <test-method is-config="true" signature="setDriver(org.testng.ITestContext)[pri:0, instance:tests.flightReservations.FlightReservationTest@79517588]" started-at="2024-05-12T16:42:52 IST" name="setDriver" finished-at="2024-05-12T16:42:53 IST" duration-ms="1386" status="PASS">
          <params>
            <param index="0">
              <value>
                <![CDATA[org.testng.TestRunner@6d9f7a80]]>
              </value>
            </param>
          </params>
          <reporter-output>
          </reporter-output>
        </test-method> <!-- setDriver -->
        <test-method is-config="true" signature="setParameters(java.lang.String)[pri:0, instance:tests.flightReservations.FlightReservationTest@79517588]" started-at="2024-05-12T16:42:53 IST" name="setParameters" finished-at="2024-05-12T16:42:53 IST" depends-on-methods="tests.flightReservations.AbstractTest.setDriver" duration-ms="214" status="PASS">
          <params>
            <param index="0">
              <value>
                <![CDATA[C:/Users/subho/eclipse-workspace/DockerFramework/src/test/resources/test-data/flight-reservation/passenger-2.json]]>
              </value>
            </param>
          </params>
          <reporter-output>
          </reporter-output>
        </test-method> <!-- setParameters -->
        <test-method signature="userRegistration()[pri:0, instance:tests.flightReservations.FlightReservationTest@79517588]" started-at="2024-05-12T16:42:53 IST" name="userRegistration" finished-at="2024-05-12T16:42:55 IST" duration-ms="1337" status="PASS">
          <reporter-output>
          </reporter-output>
        </test-method> <!-- userRegistration -->
        <test-method signature="userRegistrationConfirmation()[pri:0, instance:tests.flightReservations.FlightReservationTest@79517588]" started-at="2024-05-12T16:42:55 IST" name="userRegistrationConfirmation" finished-at="2024-05-12T16:42:56 IST" depends-on-methods="tests.flightReservations.FlightReservationTest.userRegistration" duration-ms="1283" status="PASS">
          <reporter-output>
          </reporter-output>
        </test-method> <!-- userRegistrationConfirmation -->
        <test-method signature="flightSearch()[pri:0, instance:tests.flightReservations.FlightReservationTest@79517588]" started-at="2024-05-12T16:42:56 IST" name="flightSearch" finished-at="2024-05-12T16:42:59 IST" depends-on-methods="tests.flightReservations.FlightReservationTest.userRegistrationConfirmation" duration-ms="2573" status="PASS">
          <reporter-output>
          </reporter-output>
        </test-method> <!-- flightSearch -->
        <test-method signature="flightSelection()[pri:0, instance:tests.flightReservations.FlightReservationTest@79517588]" started-at="2024-05-12T16:42:59 IST" name="flightSelection" finished-at="2024-05-12T16:43:00 IST" depends-on-methods="tests.flightReservations.FlightReservationTest.flightSearch" duration-ms="1375" status="PASS">
          <reporter-output>
          </reporter-output>
        </test-method> <!-- flightSelection -->
        <test-method signature="flightConfirmation()[pri:0, instance:tests.flightReservations.FlightReservationTest@79517588]" started-at="2024-05-12T16:43:00 IST" name="flightConfirmation" finished-at="2024-05-12T16:43:01 IST" depends-on-methods="tests.flightReservations.FlightReservationTest.flightSelection" duration-ms="652" status="PASS">
          <reporter-output>
          </reporter-output>
        </test-method> <!-- flightConfirmation -->
        <test-method is-config="true" signature="closeBrowsers()[pri:0, instance:tests.flightReservations.FlightReservationTest@79517588]" started-at="2024-05-12T16:43:01 IST" name="closeBrowsers" finished-at="2024-05-12T16:43:01 IST" duration-ms="143" status="PASS">
          <reporter-output>
          </reporter-output>
        </test-method> <!-- closeBrowsers -->
      </class> <!-- tests.flightReservations.FlightReservationTest -->
    </test> <!-- passenger-count-2 -->
  </suite> <!-- flight-reservation -->
</testng-results>
