<?xml version="1.0" encoding="UTF-8"?>
<!-- Generated by org.testng.reporters.JUnitXMLReporter -->
<testsuite ignored="0" hostname="Subho_Sapta_PC" failures="0" tests="5" name="passenger-count-1" time="8.308" errors="0" timestamp="2024-05-12T16:43:00 IST">
  <testcase classname="tests.flightReservations.FlightReservationTest" name="userRegistration" time="1.337"/>
  <testcase classname="tests.flightReservations.FlightReservationTest" name="userRegistrationConfirmation" time="0.191"/>
  <testcase classname="tests.flightReservations.FlightReservationTest" name="flightSearch" time="1.44"/>
  <testcase classname="tests.flightReservations.FlightReservationTest" name="flightSelection" time="1.341"/>
  <testcase classname="tests.flightReservations.FlightReservationTest" name="flightConfirmation" time="2.279"/>
</testsuite> <!-- passenger-count-1 -->
