<?xml version="1.0" encoding="UTF-8"?>
<!-- Generated by org.testng.reporters.JUnitXMLReporter -->
<testsuite ignored="0" hostname="Subho_Sapta_PC" failures="0" tests="5" name="passenger-count-2" time="9.001" errors="0" timestamp="2024-05-12T16:43:01 IST">
  <testcase classname="tests.flightReservations.FlightReservationTest" name="userRegistration" time="1.337"/>
  <testcase classname="tests.flightReservations.FlightReservationTest" name="userRegistrationConfirmation" time="1.283"/>
  <testcase classname="tests.flightReservations.FlightReservationTest" name="flightSearch" time="2.573"/>
  <testcase classname="tests.flightReservations.FlightReservationTest" name="flightSelection" time="1.375"/>
  <testcase classname="tests.flightReservations.FlightReservationTest" name="flightConfirmation" time="0.652"/>
</testsuite> <!-- passenger-count-2 -->
