<?xml version="1.0" encoding="UTF-8"?>
<!-- Generated by org.testng.reporters.JUnitXMLReporter -->
<testsuite ignored="0" hostname="Subho_Sapta_PC" failures="0" tests="5" name="passenger-count-3" time="8.502" errors="0" timestamp="2024-05-12T16:43:00 IST">
  <testcase classname="tests.flightReservations.FlightReservationTest" name="userRegistration" time="1.525"/>
  <testcase classname="tests.flightReservations.FlightReservationTest" name="userRegistrationConfirmation" time="1.839"/>
  <testcase classname="tests.flightReservations.FlightReservationTest" name="flightSearch" time="1.973"/>
  <testcase classname="tests.flightReservations.FlightReservationTest" name="flightSelection" time="0.79"/>
  <testcase classname="tests.flightReservations.FlightReservationTest" name="flightConfirmation" time="0.658"/>
</testsuite> <!-- passenger-count-3 -->
